app/build/intermediates/manifest_merge_blame_file/debug/manifest-merger-blame-debug-report.txt
1<?xml version="1.0" encoding="utf-8"?>
2<manifest xmlns:android="http://schemas.android.com/apk/res/android"
3    package="com.andrukhiv.winetour"
4    android:versionCode="10"
5    android:versionName="1.4" >
6
7    <uses-sdk
8        android:minSdkVersion="21"
8-->src\main\AndroidManifest.xml
9        android:targetSdkVersion="30" />
9-->src\main\AndroidManifest.xml
10
11    <!-- Для роботи YouToobe -->
12    <queries>
12-->src\main\AndroidManifest.xml:7:5-11:15
13        <intent>
13-->src\main\AndroidManifest.xml:8:9-10:18
14            <action android:name="com.google.android.youtube.api.service.START" />
14-->src\main\AndroidManifest.xml:9:13-83
14-->src\main\AndroidManifest.xml:9:21-80
15        </intent>
16        <!-- Needs to be explicitly declared on Android R+ -->
17        <package android:name="com.google.android.apps.maps" />
17-->[com.google.android.gms:play-services-maps:17.0.1] AndroidManifest.xml:33:9-64
17-->[com.google.android.gms:play-services-maps:17.0.1] AndroidManifest.xml:33:18-61
18    </queries>
19
20    <!-- Позволяет приложениям открывать сетевые сокеты. -->
21    <uses-permission android:name="android.permission.ACCESS_NETWORK_STATE" />
21-->src\main\AndroidManifest.xml:14:5-79
21-->src\main\AndroidManifest.xml:14:22-76
22    <uses-permission android:name="android.permission.INTERNET" />
22-->src\main\AndroidManifest.xml:15:5-67
22-->src\main\AndroidManifest.xml:15:22-64
23    <!-- Приложение сможет получать доступ к точному местоположению - малювати маршрут в Винний тур -->
24    <uses-permission android:name="android.permission.ACCESS_FINE_LOCATION" />
24-->src\main\AndroidManifest.xml:17:5-79
24-->src\main\AndroidManifest.xml:17:22-76
25    <!--
26    Позволяет приложению инициировать телефонный звонок без прохождения через пользовательский
27    интерфейс Dialer для подтверждения пользователем вызова - телефонувати в Винний тур
28    -->
29    <uses-permission android:name="android.permission.CALL_PHONE" />
29-->src\main\AndroidManifest.xml:20:5-69
29-->src\main\AndroidManifest.xml:20:22-66
30
31    <uses-feature
31-->[com.google.android.gms:play-services-maps:17.0.1] AndroidManifest.xml:26:5-28:35
32        android:glEsVersion="0x00020000"
32-->[com.google.android.gms:play-services-maps:17.0.1] AndroidManifest.xml:27:9-41
33        android:required="true" />
33-->[com.google.android.gms:play-services-maps:17.0.1] AndroidManifest.xml:28:9-32
34
35    <uses-permission android:name="android.permission.WAKE_LOCK" /> <!-- Required by older versions of Google Play services to create IID tokens -->
35-->[com.google.firebase:firebase-iid:20.3.0] AndroidManifest.xml:24:5-68
35-->[com.google.firebase:firebase-iid:20.3.0] AndroidManifest.xml:24:22-65
36    <uses-permission android:name="com.google.android.c2dm.permission.RECEIVE" />
36-->[com.google.firebase:firebase-iid:20.3.0] AndroidManifest.xml:26:5-82
36-->[com.google.firebase:firebase-iid:20.3.0] AndroidManifest.xml:26:22-79
37    <uses-permission android:name="com.google.android.finsky.permission.BIND_GET_INSTALL_REFERRER_SERVICE" /> <!-- Permission will be merged into the manifest of the hosting app. -->
37-->[com.google.android.gms:play-services-measurement:17.6.0] AndroidManifest.xml:26:5-110
37-->[com.google.android.gms:play-services-measurement:17.6.0] AndroidManifest.xml:26:22-107
38    <!-- Is required to launch foreground extraction service for targetSdkVersion 28+. -->
39    <uses-permission android:name="android.permission.FOREGROUND_SERVICE" />
39-->[com.google.android.play:core:1.10.0] AndroidManifest.xml:8:3-74
39-->[com.google.android.play:core:1.10.0] AndroidManifest.xml:8:20-72
40
41    <application
41-->src\main\AndroidManifest.xml:22:5-145:19
42        android:name="com.andrukhiv.winetour.app.AppController"
42-->src\main\AndroidManifest.xml:23:9-42
43        android:allowBackup="true"
43-->src\main\AndroidManifest.xml:24:9-35
44        android:appComponentFactory="androidx.core.app.CoreComponentFactory"
44-->[androidx.core:core:1.5.0] AndroidManifest.xml:24:18-86
45        android:debuggable="true"
46        android:icon="@mipmap/ic_launcher"
46-->src\main\AndroidManifest.xml:25:9-43
47        android:label="@string/app_name"
47-->src\main\AndroidManifest.xml:26:9-41
48        android:roundIcon="@mipmap/ic_launcher_round"
48-->src\main\AndroidManifest.xml:27:9-54
49        android:supportsRtl="true"
49-->src\main\AndroidManifest.xml:28:9-35
50        android:testOnly="true"
51        android:theme="@style/AppTheme" >
51-->src\main\AndroidManifest.xml:29:9-40
52        <activity
52-->src\main\AndroidManifest.xml:32:9-39:20
53            android:name="com.andrukhiv.winetour.activity.SplashScreenActivity"
53-->src\main\AndroidManifest.xml:33:13-58
54            android:screenOrientation="portrait" >
54-->src\main\AndroidManifest.xml:34:13-49
55            <intent-filter>
55-->src\main\AndroidManifest.xml:35:13-38:29
56                <action android:name="android.intent.action.MAIN" />
56-->src\main\AndroidManifest.xml:36:17-69
56-->src\main\AndroidManifest.xml:36:25-66
57
58                <category android:name="android.intent.category.LAUNCHER" />
58-->src\main\AndroidManifest.xml:37:17-77
58-->src\main\AndroidManifest.xml:37:27-74
59            </intent-filter>
60        </activity>
61        <activity
61-->src\main\AndroidManifest.xml:41:9-43:52
62            android:name="com.andrukhiv.winetour.activity.HomeMainActivity"
62-->src\main\AndroidManifest.xml:42:13-54
63            android:screenOrientation="portrait" />
63-->src\main\AndroidManifest.xml:43:13-49
64        <activity
64-->src\main\AndroidManifest.xml:45:9-47:52
65            android:name="com.andrukhiv.winetour.activity.MapsActivity"
65-->src\main\AndroidManifest.xml:46:13-50
66            android:screenOrientation="portrait" />
66-->src\main\AndroidManifest.xml:47:13-49
67
68        <meta-data
68-->src\main\AndroidManifest.xml:49:9-51:55
69            android:name="com.google.android.geo.API_KEY"
69-->src\main\AndroidManifest.xml:50:13-58
70            android:value="@string/google_maps_key" />
70-->src\main\AndroidManifest.xml:51:13-52
71
72        <activity
72-->src\main\AndroidManifest.xml:53:9-55:52
73            android:name="com.andrukhiv.winetour.activity.FestivalMainActivity"
73-->src\main\AndroidManifest.xml:54:13-58
74            android:screenOrientation="portrait" />
74-->src\main\AndroidManifest.xml:55:13-49
75        <activity
75-->src\main\AndroidManifest.xml:57:9-59:50
76            android:name="com.andrukhiv.winetour.activity.FestivalDetailsActivity"
76-->src\main\AndroidManifest.xml:58:13-61
77            android:theme="@style/DetailTheme" />
77-->src\main\AndroidManifest.xml:59:13-47
78        <activity
78-->src\main\AndroidManifest.xml:61:9-63:41
79            android:name="com.andrukhiv.winetour.activity.FestivalPlayListActivity"
79-->src\main\AndroidManifest.xml:62:13-62
80            android:label="Фестивалі" />
80-->src\main\AndroidManifest.xml:63:13-38
81        <activity
81-->src\main\AndroidManifest.xml:65:9-67:43
82            android:name="com.andrukhiv.winetour.activity.GalleryMainActivity"
82-->src\main\AndroidManifest.xml:66:13-57
83            android:label="Фотогалерея" />
83-->src\main\AndroidManifest.xml:67:13-40
84        <activity
84-->src\main\AndroidManifest.xml:69:9-71:50
85            android:name="com.andrukhiv.winetour.activity.GalleryDetailSearchActivity"
85-->src\main\AndroidManifest.xml:70:13-65
86            android:theme="@style/DetailTheme" />
86-->src\main\AndroidManifest.xml:71:13-47
87        <activity
87-->src\main\AndroidManifest.xml:73:9-75:50
88            android:name="com.andrukhiv.winetour.activity.GalleryDetailPagerActivity"
88-->src\main\AndroidManifest.xml:74:13-64
89            android:theme="@style/DetailTheme" />
89-->src\main\AndroidManifest.xml:75:13-47
90        <activity
90-->src\main\AndroidManifest.xml:77:9-80:63
91            android:name="com.andrukhiv.winetour.activity.SettingsActivity"
91-->src\main\AndroidManifest.xml:78:13-54
92            android:screenOrientation="portrait"
92-->src\main\AndroidManifest.xml:79:13-49
93            android:theme="@style/SettingsPreferencesTheme" />
93-->src\main\AndroidManifest.xml:80:13-60
94        <activity
94-->src\main\AndroidManifest.xml:82:9-85:50
95            android:name="com.andrukhiv.winetour.activity.VideoDetailsActivity"
95-->src\main\AndroidManifest.xml:83:13-58
96            android:configChanges="uiMode|orientation|screenSize"
96-->src\main\AndroidManifest.xml:84:13-66
97            android:theme="@style/DetailTheme" />
97-->src\main\AndroidManifest.xml:85:13-47
98        <activity
98-->src\main\AndroidManifest.xml:87:9-89:43
99            android:name="com.andrukhiv.winetour.activity.VideoPlayListActivity"
99-->src\main\AndroidManifest.xml:88:13-59
100            android:label="Виноробство" />
100-->src\main\AndroidManifest.xml:89:13-40
101        <activity android:name="com.andrukhiv.winetour.activity.WineCardActivity" />
101-->src\main\AndroidManifest.xml:91:9-63
101-->src\main\AndroidManifest.xml:91:19-60
102        <activity
102-->src\main\AndroidManifest.xml:93:9-95:50
103            android:name="com.andrukhiv.winetour.activity.WineCardDetailsActivity"
103-->src\main\AndroidManifest.xml:94:13-61
104            android:theme="@style/DetailTheme" />
104-->src\main\AndroidManifest.xml:95:13-47
105
106        <uses-library
106-->src\main\AndroidManifest.xml:97:9-99:40
107            android:name="org.apache.http.legacy"
107-->src\main\AndroidManifest.xml:98:13-50
108            android:required="false" />
108-->src\main\AndroidManifest.xml:99:13-37
109
110        <activity
110-->src\main\AndroidManifest.xml:101:9-103:69
111            android:name="com.andrukhiv.winetour.activity.MapVirtualImage"
111-->src\main\AndroidManifest.xml:102:13-53
112            android:configChanges="uiMode|orientation|screenSize" />
112-->src\main\AndroidManifest.xml:103:13-66
113
114        <!-- Для використання сповіщеннь Firebase -->
115        <service
115-->src\main\AndroidManifest.xml:106:9-112:19
116            android:name="com.andrukhiv.winetour.service.NotificationMessagingService"
116-->src\main\AndroidManifest.xml:107:13-65
117            android:exported="false" >
117-->src\main\AndroidManifest.xml:108:13-37
118            <intent-filter>
118-->src\main\AndroidManifest.xml:109:13-111:29
119                <action android:name="com.google.firebase.MESSAGING_EVENT" />
119-->src\main\AndroidManifest.xml:110:17-78
119-->src\main\AndroidManifest.xml:110:25-75
120            </intent-filter>
121        </service>
122
123        <!--
124         Встановити спеціальний значок за замовчуванням. Це використовується, коли для вхідних
125         повідомлень не встановлено піктограму. Див. README (https://goo.gl/l4GJaQ) для
126         отримання додаткової інформації.
127        -->
128        <meta-data
128-->src\main\AndroidManifest.xml:119:9-121:53
129            android:name="com.google.firebase.messaging.default_notification_icon"
129-->src\main\AndroidManifest.xml:120:13-83
130            android:resource="@drawable/icon_app" />
130-->src\main\AndroidManifest.xml:121:13-50
131        <!--
132        Встановити колір, який використовується з вхідними повідомленнями.
133        Це використовується, якщо для вхідного не встановлено жодного кольору повідомлення
134        про повідомлення Див. README (https://goo.gl/6BKBk7) для отримання додаткової інформації.
135        -->
136        <meta-data
136-->src\main\AndroidManifest.xml:127:9-129:54
137            android:name="com.google.firebase.messaging.default_notification_color"
137-->src\main\AndroidManifest.xml:128:13-84
138            android:resource="@color/colorPrimary" />
138-->src\main\AndroidManifest.xml:129:13-51
139
140        <activity
140-->src\main\AndroidManifest.xml:131:9-134:52
141            android:name="com.google.android.gms.oss.licenses.OssLicensesMenuActivity"
141-->src\main\AndroidManifest.xml:132:13-87
142            android:label="@string/oss_license_title"
142-->[com.google.android.gms:play-services-oss-licenses:17.0.0] AndroidManifest.xml:25:13-54
143            android:screenOrientation="portrait"
143-->src\main\AndroidManifest.xml:133:13-49
144            android:theme="@style/LicensesTheme" />
144-->src\main\AndroidManifest.xml:134:13-49
145        <activity
145-->src\main\AndroidManifest.xml:136:9-139:52
146            android:name="com.google.android.gms.oss.licenses.OssLicensesActivity"
146-->src\main\AndroidManifest.xml:137:13-83
147            android:screenOrientation="portrait"
147-->src\main\AndroidManifest.xml:138:13-49
148            android:theme="@style/LicensesTheme" />
148-->src\main\AndroidManifest.xml:139:13-49
149        <activity
149-->src\main\AndroidManifest.xml:141:9-143:52
150            android:name="com.andrukhiv.winetour.activity.NewsActivity"
150-->src\main\AndroidManifest.xml:142:13-50
151            android:screenOrientation="portrait" />
151-->src\main\AndroidManifest.xml:143:13-49
152        <activity
152-->[pub.devrel:easypermissions:3.0.0] AndroidManifest.xml:12:9-16:66
153            android:name="pub.devrel.easypermissions.AppSettingsDialogHolderActivity"
153-->[pub.devrel:easypermissions:3.0.0] AndroidManifest.xml:13:13-86
154            android:exported="false"
154-->[pub.devrel:easypermissions:3.0.0] AndroidManifest.xml:14:13-37
155            android:label=""
155-->[pub.devrel:easypermissions:3.0.0] AndroidManifest.xml:15:13-29
156            android:theme="@style/EasyPermissions.Transparent" />
156-->[pub.devrel:easypermissions:3.0.0] AndroidManifest.xml:16:13-63
157        <!--
158             FirebaseMessagingService performs security checks at runtime,
159             but set to not exported to explicitly avoid allowing another app to call it.
160        -->
161        <service
161-->[com.google.firebase:firebase-messaging:20.3.0] AndroidManifest.xml:28:9-35:19
162            android:name="com.google.firebase.messaging.FirebaseMessagingService"
162-->[com.google.firebase:firebase-messaging:20.3.0] AndroidManifest.xml:29:13-82
163            android:directBootAware="true"
163-->[com.google.firebase:firebase-messaging:20.3.0] AndroidManifest.xml:30:13-43
164            android:exported="false" >
164-->[com.google.firebase:firebase-messaging:20.3.0] AndroidManifest.xml:31:13-37
165            <intent-filter android:priority="-500" >
165-->src\main\AndroidManifest.xml:109:13-111:29
166                <action android:name="com.google.firebase.MESSAGING_EVENT" />
166-->src\main\AndroidManifest.xml:110:17-78
166-->src\main\AndroidManifest.xml:110:25-75
167            </intent-filter>
168        </service>
169        <service
169-->[com.google.firebase:firebase-messaging:20.3.0] AndroidManifest.xml:36:9-42:19
170            android:name="com.google.firebase.components.ComponentDiscoveryService"
170-->[com.google.firebase:firebase-messaging:20.3.0] AndroidManifest.xml:37:13-84
171            android:directBootAware="true"
171-->[com.google.firebase:firebase-common:19.3.1] AndroidManifest.xml:35:13-43
172            android:exported="false" >
172-->[com.google.firebase:firebase-messaging:20.3.0] AndroidManifest.xml:38:13-37
173            <meta-data
173-->[com.google.firebase:firebase-messaging:20.3.0] AndroidManifest.xml:39:13-41:85
174                android:name="com.google.firebase.components:com.google.firebase.messaging.FirebaseMessagingRegistrar"
174-->[com.google.firebase:firebase-messaging:20.3.0] AndroidManifest.xml:40:17-119
175                android:value="com.google.firebase.components.ComponentRegistrar" />
175-->[com.google.firebase:firebase-messaging:20.3.0] AndroidManifest.xml:41:17-82
176            <meta-data
176-->[com.google.firebase:firebase-database:19.5.0] AndroidManifest.xml:32:13-34:85
177                android:name="com.google.firebase.components:com.google.firebase.database.DatabaseRegistrar"
177-->[com.google.firebase:firebase-database:19.5.0] AndroidManifest.xml:33:17-109
178                android:value="com.google.firebase.components.ComponentRegistrar" />
178-->[com.google.firebase:firebase-database:19.5.0] AndroidManifest.xml:34:17-82
179            <meta-data
179-->[com.google.firebase:firebase-config:19.2.0] AndroidManifest.xml:32:13-34:85
180                android:name="com.google.firebase.components:com.google.firebase.remoteconfig.RemoteConfigRegistrar"
180-->[com.google.firebase:firebase-config:19.2.0] AndroidManifest.xml:33:17-117
181                android:value="com.google.firebase.components.ComponentRegistrar" />
181-->[com.google.firebase:firebase-config:19.2.0] AndroidManifest.xml:34:17-82
182            <meta-data
182-->[com.google.firebase:firebase-iid:20.3.0] AndroidManifest.xml:32:13-34:85
183                android:name="com.google.firebase.components:com.google.firebase.iid.Registrar"
183-->[com.google.firebase:firebase-iid:20.3.0] AndroidManifest.xml:33:17-96
184                android:value="com.google.firebase.components.ComponentRegistrar" />
184-->[com.google.firebase:firebase-iid:20.3.0] AndroidManifest.xml:34:17-82
185            <meta-data
185-->[com.google.firebase:firebase-abt:19.1.0] AndroidManifest.xml:13:13-15:85
186                android:name="com.google.firebase.components:com.google.firebase.abt.component.AbtRegistrar"
186-->[com.google.firebase:firebase-abt:19.1.0] AndroidManifest.xml:14:17-109
187                android:value="com.google.firebase.components.ComponentRegistrar" />
187-->[com.google.firebase:firebase-abt:19.1.0] AndroidManifest.xml:15:17-82
188            <meta-data
188-->[com.google.android.gms:play-services-measurement-api:17.6.0] AndroidManifest.xml:30:13-32:85
189                android:name="com.google.firebase.components:com.google.firebase.analytics.connector.internal.AnalyticsConnectorRegistrar"
189-->[com.google.android.gms:play-services-measurement-api:17.6.0] AndroidManifest.xml:31:17-139
190                android:value="com.google.firebase.components.ComponentRegistrar" />
190-->[com.google.android.gms:play-services-measurement-api:17.6.0] AndroidManifest.xml:32:17-82
191            <meta-data
191-->[com.google.firebase:firebase-installations:16.3.3] AndroidManifest.xml:17:13-19:85
192                android:name="com.google.firebase.components:com.google.firebase.installations.FirebaseInstallationsRegistrar"
192-->[com.google.firebase:firebase-installations:16.3.3] AndroidManifest.xml:18:17-127
193                android:value="com.google.firebase.components.ComponentRegistrar" />
193-->[com.google.firebase:firebase-installations:16.3.3] AndroidManifest.xml:19:17-82
194            <meta-data
194-->[com.google.firebase:firebase-datatransport:17.0.3] AndroidManifest.xml:28:13-30:85
195                android:name="com.google.firebase.components:com.google.firebase.datatransport.TransportRegistrar"
195-->[com.google.firebase:firebase-datatransport:17.0.3] AndroidManifest.xml:29:17-115
196                android:value="com.google.firebase.components.ComponentRegistrar" />
196-->[com.google.firebase:firebase-datatransport:17.0.3] AndroidManifest.xml:30:17-82
197        </service>
198
199        <activity
199-->[com.google.android.gms:play-services-auth:19.2.0] AndroidManifest.xml:23:9-27:75
200            android:name="com.google.android.gms.auth.api.signin.internal.SignInHubActivity"
200-->[com.google.android.gms:play-services-auth:19.2.0] AndroidManifest.xml:24:13-93
201            android:excludeFromRecents="true"
201-->[com.google.android.gms:play-services-auth:19.2.0] AndroidManifest.xml:25:13-46
202            android:exported="false"
202-->[com.google.android.gms:play-services-auth:19.2.0] AndroidManifest.xml:26:13-37
203            android:theme="@android:style/Theme.Translucent.NoTitleBar" />
203-->[com.google.android.gms:play-services-auth:19.2.0] AndroidManifest.xml:27:13-72
204        <!--
205            Service handling Google Sign-In user revocation. For apps that do not integrate with
206            Google Sign-In, this service will never be started.
207        -->
208        <service
208-->[com.google.android.gms:play-services-auth:19.2.0] AndroidManifest.xml:33:9-37:51
209            android:name="com.google.android.gms.auth.api.signin.RevocationBoundService"
209-->[com.google.android.gms:play-services-auth:19.2.0] AndroidManifest.xml:34:13-89
210            android:exported="true"
210-->[com.google.android.gms:play-services-auth:19.2.0] AndroidManifest.xml:35:13-36
211            android:permission="com.google.android.gms.auth.api.signin.permission.REVOCATION_NOTIFICATION"
211-->[com.google.android.gms:play-services-auth:19.2.0] AndroidManifest.xml:36:13-107
212            android:visibleToInstantApps="true" />
212-->[com.google.android.gms:play-services-auth:19.2.0] AndroidManifest.xml:37:13-48
213
214        <receiver
214-->[com.google.firebase:firebase-iid:20.3.0] AndroidManifest.xml:37:9-44:20
215            android:name="com.google.firebase.iid.FirebaseInstanceIdReceiver"
215-->[com.google.firebase:firebase-iid:20.3.0] AndroidManifest.xml:38:13-78
216            android:exported="true"
216-->[com.google.firebase:firebase-iid:20.3.0] AndroidManifest.xml:39:13-36
217            android:permission="com.google.android.c2dm.permission.SEND" >
217-->[com.google.firebase:firebase-iid:20.3.0] AndroidManifest.xml:40:13-73
218            <intent-filter>
218-->[com.google.firebase:firebase-iid:20.3.0] AndroidManifest.xml:41:13-43:29
219                <action android:name="com.google.android.c2dm.intent.RECEIVE" />
219-->[com.google.firebase:firebase-iid:20.3.0] AndroidManifest.xml:42:17-81
219-->[com.google.firebase:firebase-iid:20.3.0] AndroidManifest.xml:42:25-78
220            </intent-filter>
221        </receiver>
222
223        <activity
223-->[com.google.android.gms:play-services-base:17.5.0] AndroidManifest.xml:23:9-26:75
224            android:name="com.google.android.gms.common.api.GoogleApiActivity"
224-->[com.google.android.gms:play-services-base:17.5.0] AndroidManifest.xml:24:13-79
225            android:exported="false"
225-->[com.google.android.gms:play-services-base:17.5.0] AndroidManifest.xml:25:13-37
226            android:theme="@android:style/Theme.Translucent.NoTitleBar" />
226-->[com.google.android.gms:play-services-base:17.5.0] AndroidManifest.xml:26:13-72
227
228        <receiver
228-->[com.google.android.gms:play-services-measurement:17.6.0] AndroidManifest.xml:29:9-33:20
229            android:name="com.google.android.gms.measurement.AppMeasurementReceiver"
229-->[com.google.android.gms:play-services-measurement:17.6.0] AndroidManifest.xml:30:13-85
230            android:enabled="true"
230-->[com.google.android.gms:play-services-measurement:17.6.0] AndroidManifest.xml:31:13-35
231            android:exported="false" >
231-->[com.google.android.gms:play-services-measurement:17.6.0] AndroidManifest.xml:32:13-37
232        </receiver>
233
234        <service
234-->[com.google.android.gms:play-services-measurement:17.6.0] AndroidManifest.xml:35:9-38:40
235            android:name="com.google.android.gms.measurement.AppMeasurementService"
235-->[com.google.android.gms:play-services-measurement:17.6.0] AndroidManifest.xml:36:13-84
236            android:enabled="true"
236-->[com.google.android.gms:play-services-measurement:17.6.0] AndroidManifest.xml:37:13-35
237            android:exported="false" />
237-->[com.google.android.gms:play-services-measurement:17.6.0] AndroidManifest.xml:38:13-37
238        <service
238-->[com.google.android.gms:play-services-measurement:17.6.0] AndroidManifest.xml:39:9-43:72
239            android:name="com.google.android.gms.measurement.AppMeasurementJobService"
239-->[com.google.android.gms:play-services-measurement:17.6.0] AndroidManifest.xml:40:13-87
240            android:enabled="true"
240-->[com.google.android.gms:play-services-measurement:17.6.0] AndroidManifest.xml:41:13-35
241            android:exported="false"
241-->[com.google.android.gms:play-services-measurement:17.6.0] AndroidManifest.xml:42:13-37
242            android:permission="android.permission.BIND_JOB_SERVICE" />
242-->[com.google.android.gms:play-services-measurement:17.6.0] AndroidManifest.xml:43:13-69
243
244        <provider
244-->[com.google.firebase:firebase-common:19.3.1] AndroidManifest.xml:26:9-31:39
245            android:name="com.google.firebase.provider.FirebaseInitProvider"
245-->[com.google.firebase:firebase-common:19.3.1] AndroidManifest.xml:27:13-77
246            android:authorities="com.andrukhiv.winetour.firebaseinitprovider"
246-->[com.google.firebase:firebase-common:19.3.1] AndroidManifest.xml:28:13-72
247            android:directBootAware="true"
247-->[com.google.firebase:firebase-common:19.3.1] AndroidManifest.xml:29:13-43
248            android:exported="false"
248-->[com.google.firebase:firebase-common:19.3.1] AndroidManifest.xml:30:13-37
249            android:initOrder="100" />
249-->[com.google.firebase:firebase-common:19.3.1] AndroidManifest.xml:31:13-36
250
251        <meta-data
251-->[com.google.android.gms:play-services-basement:17.5.0] AndroidManifest.xml:23:9-25:69
252            android:name="com.google.android.gms.version"
252-->[com.google.android.gms:play-services-basement:17.5.0] AndroidManifest.xml:24:13-58
253            android:value="@integer/google_play_services_version" />
253-->[com.google.android.gms:play-services-basement:17.5.0] AndroidManifest.xml:25:13-66
254
255        <service
255-->[androidx.room:room-runtime:2.2.5] AndroidManifest.xml:25:9-28:40
256            android:name="androidx.room.MultiInstanceInvalidationService"
256-->[androidx.room:room-runtime:2.2.5] AndroidManifest.xml:26:13-74
257            android:directBootAware="true"
257-->[androidx.room:room-runtime:2.2.5] AndroidManifest.xml:27:13-43
258            android:exported="false" /> <!-- The activities will be merged into the manifest of the hosting app. -->
258-->[androidx.room:room-runtime:2.2.5] AndroidManifest.xml:28:13-37
259        <activity
259-->[com.google.android.play:core:1.10.0] AndroidManifest.xml:12:5-271
260            android:name="com.google.android.play.core.missingsplits.PlayCoreMissingSplitsActivity"
260-->[com.google.android.play:core:1.10.0] AndroidManifest.xml:12:15-102
261            android:enabled="false"
261-->[com.google.android.play:core:1.10.0] AndroidManifest.xml:12:103-126
262            android:exported="false"
262-->[com.google.android.play:core:1.10.0] AndroidManifest.xml:12:127-151
263            android:launchMode="singleInstance"
263-->[com.google.android.play:core:1.10.0] AndroidManifest.xml:12:204-239
264            android:process=":playcore_missing_splits_activity"
264-->[com.google.android.play:core:1.10.0] AndroidManifest.xml:12:152-203
265            android:stateNotNeeded="true" />
265-->[com.google.android.play:core:1.10.0] AndroidManifest.xml:12:240-269
266        <activity
266-->[com.google.android.play:core:1.10.0] AndroidManifest.xml:13:5-226
267            android:name="com.google.android.play.core.common.PlayCoreDialogWrapperActivity"
267-->[com.google.android.play:core:1.10.0] AndroidManifest.xml:13:15-95
268            android:enabled="false"
268-->[com.google.android.play:core:1.10.0] AndroidManifest.xml:13:96-119
269            android:exported="false"
269-->[com.google.android.play:core:1.10.0] AndroidManifest.xml:13:120-144
270            android:stateNotNeeded="true"
270-->[com.google.android.play:core:1.10.0] AndroidManifest.xml:13:145-174
271            android:theme="@style/Theme.PlayCore.Transparent" /> <!-- The services will be merged into the manifest of the hosting app. -->
271-->[com.google.android.play:core:1.10.0] AndroidManifest.xml:13:175-224
272        <service
272-->[com.google.android.play:core:1.10.0] AndroidManifest.xml:16:5-18:15
273            android:name="com.google.android.play.core.assetpacks.AssetPackExtractionService"
273-->[com.google.android.play:core:1.10.0] AndroidManifest.xml:16:14-95
274            android:enabled="false"
274-->[com.google.android.play:core:1.10.0] AndroidManifest.xml:16:96-119
275            android:exported="true" >
275-->[com.google.android.play:core:1.10.0] AndroidManifest.xml:16:120-143
276            <meta-data
276-->[com.google.android.play:core:1.10.0] AndroidManifest.xml:17:7-108
277                android:name="com.google.android.play.core.assetpacks.versionCode"
277-->[com.google.android.play:core:1.10.0] AndroidManifest.xml:17:18-84
278                android:value="11000" />
278-->[com.google.android.play:core:1.10.0] AndroidManifest.xml:17:85-106
279        </service>
280        <service
280-->[com.google.android.play:core:1.10.0] AndroidManifest.xml:19:5-147
281            android:name="com.google.android.play.core.assetpacks.ExtractionForegroundService"
281-->[com.google.android.play:core:1.10.0] AndroidManifest.xml:19:14-96
282            android:enabled="false"
282-->[com.google.android.play:core:1.10.0] AndroidManifest.xml:19:97-120
283            android:exported="false" />
283-->[com.google.android.play:core:1.10.0] AndroidManifest.xml:19:121-145
284        <service
284-->[com.google.android.datatransport:transport-backend-cct:2.2.0] AndroidManifest.xml:29:9-35:19
285            android:name="com.google.android.datatransport.runtime.backends.TransportBackendDiscovery"
285-->[com.google.android.datatransport:transport-backend-cct:2.2.0] AndroidManifest.xml:30:13-103
286            android:exported="false" >
286-->[com.google.android.datatransport:transport-backend-cct:2.2.0] AndroidManifest.xml:31:13-37
287            <meta-data
287-->[com.google.android.datatransport:transport-backend-cct:2.2.0] AndroidManifest.xml:32:13-34:39
288                android:name="backend:com.google.android.datatransport.cct.CctBackendFactory"
288-->[com.google.android.datatransport:transport-backend-cct:2.2.0] AndroidManifest.xml:33:17-94
289                android:value="cct" />